## 更新日志 2026/03/09
- 修复出售问题，现在关掉后不会自动出售背包植物了
- 新增施肥土地选择，可选择具体品质的土地
- 新增二季施肥--感谢Sichongzou，借鉴了一下大佬的代码
- 默认策略关掉了自动出售，按需打开
- 优化了巡视逻辑
- 增加访客记录功能
- 增加了新农作物的图片外显和名称
- 四格作物占用的4块地都会显示为已种植，不会再把3块当空地。
- 一键种植不会再把这些副地块继续拿去种别的。
- 如果策略选到这类 2x2 种子，买种子和播种会按合种尺寸处理。
- 土地卡片加了合种标识
- 去除水印
- 主题设置改为下拉选择框
- 背包展示更符合人性化，新增化肥狗粮的图标，变异新种子的图标
- 背包添加种子、果实的售出功能，道具的使用功能并进行分类处理
- 删除开服红包功能


## 更新日志 2026/03/08 开源项目，禁止贩卖，禁止商用！！！
- 优化购买肥料，现在可以购买有机和无机，并且可以自定义数量(没怎么测试，有问题提交，因为我的点券手贱被清空买了三千多小时有机肥料了才有的这个功能)
- 修复QQ无法登录问题，协议更新
- 优化了推荐策略的设置，购买肥料默认无机10个
- 修复好友巡查一直倒计时，不显示具体时间


## 更新日志 2026/03/08  开源项目，禁止贩卖，禁止商用！！！
- 目前卡密功能完善，分为额度卡密和时间卡密
- 优化了许多细节，策略增加了一键应用我自己大号的策略，增加有机肥防偷
- 增加了公告管理，优化种植物的排序搜索，优化日志功能
- 新增用户权限隔离
- 后续再慢慢优化，喜欢点一个star吧！